2025-04-07 21:07:26,197 [INFO] - train - Loading data from D:\cys\nids\data\processed\CIC-DDoS2019\DNS-testing.csv
2025-04-07 21:07:26,238 [INFO] - train - Dataset shape: (6703, 78)
2025-04-07 21:07:26,238 [INFO] - train - Columns: ['Protocol', 'Flow Duration', 'Total Fwd Packets', 'Total Backward Packets', 'Fwd Packets Length Total', 'Bwd Packets Length Total', 'Fwd Packet Length Max', 'Fwd Packet Length Min', 'Fwd Packet Length Mean', 'Fwd Packet Length Std', 'Bwd Packet Length Max', 'Bwd Packet Length Min', 'Bwd Packet Length Mean', 'Bwd Packet Length Std', 'Flow Bytes/s', 'Flow Packets/s', 'Flow IAT Mean', 'Flow IAT Std', 'Flow IAT Max', 'Flow IAT Min', 'Fwd IAT Total', 'Fwd IAT Mean', 'Fwd IAT Std', 'Fwd IAT Max', 'Fwd IAT Min', 'Bwd IAT Total', 'Bwd IAT Mean', 'Bwd IAT Std', 'Bwd IAT Max', 'Bwd IAT Min', 'Fwd PSH Flags', 'Bwd PSH Flags', 'Fwd URG Flags', 'Bwd URG Flags', 'Fwd Header Length', 'Bwd Header Length', 'Fwd Packets/s', 'Bwd Packets/s', 'Packet Length Min', 'Packet Length Max', 'Packet Length Mean', 'Packet Length Std', 'Packet Length Variance', 'FIN Flag Count', 'SYN Flag Count', 'RST Flag Count', 'PSH Flag Count', 'ACK Flag Count', 'URG Flag Count', 'CWE Flag Count', 'ECE Flag Count', 'Down/Up Ratio', 'Avg Packet Size', 'Avg Fwd Segment Size', 'Avg Bwd Segment Size', 'Fwd Avg Bytes/Bulk', 'Fwd Avg Packets/Bulk', 'Fwd Avg Bulk Rate', 'Bwd Avg Bytes/Bulk', 'Bwd Avg Packets/Bulk', 'Bwd Avg Bulk Rate', 'Subflow Fwd Packets', 'Subflow Fwd Bytes', 'Subflow Bwd Packets', 'Subflow Bwd Bytes', 'Init Fwd Win Bytes', 'Init Bwd Win Bytes', 'Fwd Act Data Packets', 'Fwd Seg Size Min', 'Active Mean', 'Active Std', 'Active Max', 'Active Min', 'Idle Mean', 'Idle Std', 'Idle Max', 'Idle Min', 'Label']
2025-04-07 21:07:26,243 [INFO] - train - Label distribution:
Label
DrDoS_DNS    3669
Benign       3034
Name: count, dtype: int64
2025-04-07 21:07:26,244 [INFO] - train - Categorical columns: ['Label']
2025-04-07 21:07:26,244 [INFO] - train - Columns to drop: []
2025-04-07 21:07:26,310 [INFO] - train - Scaler saved to D:\cys\nids\models\saved\ensemble_20250407_210726\scaler.joblib
2025-04-07 21:07:26,310 [INFO] - train - Balancing training data classes
2025-04-07 21:07:26,315 [ERROR] - train - Error during training: Unalignable boolean Series provided as indexer (index of the boolean Series and of the indexed object do not match).
Traceback (most recent call last):
  File "D:\cys\nids\train.py", line 136, in train_models
    X_train_balanced, y_train_balanced = balance_classes(X_train, y_train, method='oversample')
                                         ^^^^^^^^^^^^^^^^^^^^^^^^^^^^^^^^^^^^^^^^^^^^^^^^^^^^^^
  File "D:\cys\nids\utils\feature_engineering.py", line 152, in balance_classes
    X_cls = X[y == cls]
            ~^^^^^^^^^^
  File "D:\cys\nids\.venv\Lib\site-packages\pandas\core\frame.py", line 4093, in __getitem__
    return self._getitem_bool_array(key)
           ^^^^^^^^^^^^^^^^^^^^^^^^^^^^^
  File "D:\cys\nids\.venv\Lib\site-packages\pandas\core\frame.py", line 4149, in _getitem_bool_array
    key = check_bool_indexer(self.index, key)
          ^^^^^^^^^^^^^^^^^^^^^^^^^^^^^^^^^^^
  File "D:\cys\nids\.venv\Lib\site-packages\pandas\core\indexing.py", line 2662, in check_bool_indexer
    raise IndexingError(
pandas.errors.IndexingError: Unalignable boolean Series provided as indexer (index of the boolean Series and of the indexed object do not match).
