2025-04-08 00:21:33,007 [INFO] - nids - Logger initialized: nids
2025-04-08 00:21:33,008 [INFO] - nids - Logger initialized: nids
2025-04-08 00:21:33,063 [INFO] - pcap_utils - Logger initialized: pcap_utils
2025-04-08 00:21:33,936 [INFO] - xgboost_model - Logger initialized: xgboost_model
2025-04-08 00:21:35,970 [INFO] - deep_model - Logger initialized: deep_model
2025-04-08 00:21:35,971 [INFO] - ensemble - Logger initialized: ensemble
2025-04-08 00:21:35,971 [INFO] - app - Logger initialized: app
2025-04-08 00:21:35,973 [INFO] - app - Loading model from d:\cys\nids\models\saved\ensemble_20250407_234619
2025-04-08 00:21:35,975 [INFO] - app - Loaded scaler from d:\cys\nids\models\saved\ensemble_20250407_234619\scaler.joblib
2025-04-08 00:21:35,984 [INFO] - deep_model - No GPUs found, using CPU
2025-04-08 00:21:35,984 [INFO] - ensemble - Loading ensemble model from d:\cys\nids\models\saved\ensemble_20250407_234619\ensemble_model
2025-04-08 00:21:35,984 [INFO] - xgboost_model - Loading model from d:\cys\nids\models\saved\ensemble_20250407_234619\ensemble_model\xgboost_model.json
2025-04-08 00:21:36,075 [INFO] - xgboost_model - Loaded metadata: {'max_depth': 8, 'learning_rate': 0.1, 'n_estimators': 200, 'objective': 'multi:softprob', 'subsample': 0.8, 'colsample_bytree': 0.8, 'tree_method': 'gpu_hist', 'predictor': 'gpu_predictor', 'random_state': 42, 'num_class': 2}
2025-04-08 00:21:36,075 [INFO] - xgboost_model - Loaded feature names: ['Protocol', 'Flow Duration', 'Total Fwd Packets', 'Total Backward Packets', 'Fwd Packets Length Total', 'Bwd Packets Length Total', 'Fwd Packet Length Max', 'Fwd Packet Length Min', 'Fwd Packet Length Mean', 'Fwd Packet Length Std', 'Bwd Packet Length Max', 'Bwd Packet Length Min', 'Bwd Packet Length Mean', 'Bwd Packet Length Std', 'Flow Bytes/s', 'Flow Packets/s', 'Flow IAT Mean', 'Flow IAT Std', 'Flow IAT Max', 'Flow IAT Min', 'Fwd IAT Total', 'Fwd IAT Mean', 'Fwd IAT Std', 'Fwd IAT Max', 'Fwd IAT Min', 'Bwd IAT Total', 'Bwd IAT Mean', 'Bwd IAT Std', 'Bwd IAT Max', 'Bwd IAT Min', 'Fwd PSH Flags', 'Bwd PSH Flags', 'Fwd URG Flags', 'Bwd URG Flags', 'Fwd Header Length', 'Bwd Header Length', 'Fwd Packets/s', 'Bwd Packets/s', 'Packet Length Min', 'Packet Length Max', 'Packet Length Mean', 'Packet Length Std', 'Packet Length Variance', 'FIN Flag Count', 'SYN Flag Count', 'RST Flag Count', 'PSH Flag Count', 'ACK Flag Count', 'URG Flag Count', 'CWE Flag Count', 'ECE Flag Count', 'Down/Up Ratio', 'Avg Packet Size', 'Avg Fwd Segment Size', 'Avg Bwd Segment Size', 'Fwd Avg Bytes/Bulk', 'Fwd Avg Packets/Bulk', 'Fwd Avg Bulk Rate', 'Bwd Avg Bytes/Bulk', 'Bwd Avg Packets/Bulk', 'Bwd Avg Bulk Rate', 'Subflow Fwd Packets', 'Subflow Fwd Bytes', 'Subflow Bwd Packets', 'Subflow Bwd Bytes', 'Init Fwd Win Bytes', 'Init Bwd Win Bytes', 'Fwd Act Data Packets', 'Fwd Seg Size Min', 'Active Mean', 'Active Std', 'Active Max', 'Active Min', 'Idle Mean', 'Idle Std', 'Idle Max', 'Idle Min']
2025-04-08 00:21:36,076 [INFO] - xgboost_model - Loaded class names: ['Benign', 'DrDoS_DNS']
2025-04-08 00:21:36,076 [INFO] - xgboost_model - Loaded label mapping: {'Benign': 0, 'DrDoS_DNS': 1}
2025-04-08 00:21:36,076 [INFO] - xgboost_model - Model loaded successfully
2025-04-08 00:21:36,076 [INFO] - deep_model - Loading model from d:\cys\nids\models\saved\ensemble_20250407_234619\ensemble_model\deep_model.h5
2025-04-08 00:21:36,222 [INFO] - deep_model - Loaded metadata: {'lstm_units': 128, 'dense_units': 64, 'dropout_rate': 0.3, 'learning_rate': 0.001, 'batch_size': 256, 'epochs': 50, 'patience': 10}
2025-04-08 00:21:36,222 [INFO] - deep_model - Loaded feature names: ['Protocol', 'Flow Duration', 'Total Fwd Packets', 'Total Backward Packets', 'Fwd Packets Length Total', 'Bwd Packets Length Total', 'Fwd Packet Length Max', 'Fwd Packet Length Min', 'Fwd Packet Length Mean', 'Fwd Packet Length Std', 'Bwd Packet Length Max', 'Bwd Packet Length Min', 'Bwd Packet Length Mean', 'Bwd Packet Length Std', 'Flow Bytes/s', 'Flow Packets/s', 'Flow IAT Mean', 'Flow IAT Std', 'Flow IAT Max', 'Flow IAT Min', 'Fwd IAT Total', 'Fwd IAT Mean', 'Fwd IAT Std', 'Fwd IAT Max', 'Fwd IAT Min', 'Bwd IAT Total', 'Bwd IAT Mean', 'Bwd IAT Std', 'Bwd IAT Max', 'Bwd IAT Min', 'Fwd PSH Flags', 'Bwd PSH Flags', 'Fwd URG Flags', 'Bwd URG Flags', 'Fwd Header Length', 'Bwd Header Length', 'Fwd Packets/s', 'Bwd Packets/s', 'Packet Length Min', 'Packet Length Max', 'Packet Length Mean', 'Packet Length Std', 'Packet Length Variance', 'FIN Flag Count', 'SYN Flag Count', 'RST Flag Count', 'PSH Flag Count', 'ACK Flag Count', 'URG Flag Count', 'CWE Flag Count', 'ECE Flag Count', 'Down/Up Ratio', 'Avg Packet Size', 'Avg Fwd Segment Size', 'Avg Bwd Segment Size', 'Fwd Avg Bytes/Bulk', 'Fwd Avg Packets/Bulk', 'Fwd Avg Bulk Rate', 'Bwd Avg Bytes/Bulk', 'Bwd Avg Packets/Bulk', 'Bwd Avg Bulk Rate', 'Subflow Fwd Packets', 'Subflow Fwd Bytes', 'Subflow Bwd Packets', 'Subflow Bwd Bytes', 'Init Fwd Win Bytes', 'Init Bwd Win Bytes', 'Fwd Act Data Packets', 'Fwd Seg Size Min', 'Active Mean', 'Active Std', 'Active Max', 'Active Min', 'Idle Mean', 'Idle Std', 'Idle Max', 'Idle Min']
2025-04-08 00:21:36,223 [INFO] - deep_model - Loaded class names: ['Benign', 'DrDoS_DNS']
2025-04-08 00:21:36,223 [INFO] - deep_model - Model loaded successfully
2025-04-08 00:21:36,223 [INFO] - ensemble - Loaded weights: [0.6, 0.4]
2025-04-08 00:21:36,223 [INFO] - ensemble - Loaded feature names: ['Protocol', 'Flow Duration', 'Total Fwd Packets', 'Total Backward Packets', 'Fwd Packets Length Total', 'Bwd Packets Length Total', 'Fwd Packet Length Max', 'Fwd Packet Length Min', 'Fwd Packet Length Mean', 'Fwd Packet Length Std', 'Bwd Packet Length Max', 'Bwd Packet Length Min', 'Bwd Packet Length Mean', 'Bwd Packet Length Std', 'Flow Bytes/s', 'Flow Packets/s', 'Flow IAT Mean', 'Flow IAT Std', 'Flow IAT Max', 'Flow IAT Min', 'Fwd IAT Total', 'Fwd IAT Mean', 'Fwd IAT Std', 'Fwd IAT Max', 'Fwd IAT Min', 'Bwd IAT Total', 'Bwd IAT Mean', 'Bwd IAT Std', 'Bwd IAT Max', 'Bwd IAT Min', 'Fwd PSH Flags', 'Bwd PSH Flags', 'Fwd URG Flags', 'Bwd URG Flags', 'Fwd Header Length', 'Bwd Header Length', 'Fwd Packets/s', 'Bwd Packets/s', 'Packet Length Min', 'Packet Length Max', 'Packet Length Mean', 'Packet Length Std', 'Packet Length Variance', 'FIN Flag Count', 'SYN Flag Count', 'RST Flag Count', 'PSH Flag Count', 'ACK Flag Count', 'URG Flag Count', 'CWE Flag Count', 'ECE Flag Count', 'Down/Up Ratio', 'Avg Packet Size', 'Avg Fwd Segment Size', 'Avg Bwd Segment Size', 'Fwd Avg Bytes/Bulk', 'Fwd Avg Packets/Bulk', 'Fwd Avg Bulk Rate', 'Bwd Avg Bytes/Bulk', 'Bwd Avg Packets/Bulk', 'Bwd Avg Bulk Rate', 'Subflow Fwd Packets', 'Subflow Fwd Bytes', 'Subflow Bwd Packets', 'Subflow Bwd Bytes', 'Init Fwd Win Bytes', 'Init Bwd Win Bytes', 'Fwd Act Data Packets', 'Fwd Seg Size Min', 'Active Mean', 'Active Std', 'Active Max', 'Active Min', 'Idle Mean', 'Idle Std', 'Idle Max', 'Idle Min']
2025-04-08 00:21:36,224 [INFO] - ensemble - Loaded class names: ['Benign', 'DrDoS_DNS']
2025-04-08 00:21:36,224 [INFO] - ensemble - Ensemble model loaded successfully
2025-04-08 00:21:36,224 [INFO] - app - Model loaded successfully: {'type': 'ensemble', 'path': 'd:\\cys\\nids\\models\\saved\\ensemble_20250407_234619', 'timestamp': '2025-04-07 23:47:09', 'class_names': ['Benign', 'DrDoS_DNS']}
