2025-04-07 21:13:29,369 [INFO] - nids - Logger initialized: nids
2025-04-07 21:13:29,370 [INFO] - nids - Logger initialized: nids
2025-04-07 21:13:29,449 [INFO] - feature_engineering - Logger initialized: feature_engineering
2025-04-07 21:13:29,521 [INFO] - xgboost_model - Logger initialized: xgboost_model
2025-04-07 21:13:31,653 [INFO] - deep_model - Logger initialized: deep_model
2025-04-07 21:13:31,654 [INFO] - ensemble - Logger initialized: ensemble
2025-04-07 21:13:31,654 [INFO] - train - Logger initialized: train
2025-04-07 21:13:31,655 [INFO] - train - Starting training process for model type: ensemble
2025-04-07 21:13:31,656 [INFO] - train - Loading data from D:\cys\nids\data\processed\CIC-DDoS2019\DNS-testing.csv
2025-04-07 21:13:31,697 [INFO] - train - Dataset shape: (6703, 78)
2025-04-07 21:13:31,698 [INFO] - train - Columns: ['Protocol', 'Flow Duration', 'Total Fwd Packets', 'Total Backward Packets', 'Fwd Packets Length Total', 'Bwd Packets Length Total', 'Fwd Packet Length Max', 'Fwd Packet Length Min', 'Fwd Packet Length Mean', 'Fwd Packet Length Std', 'Bwd Packet Length Max', 'Bwd Packet Length Min', 'Bwd Packet Length Mean', 'Bwd Packet Length Std', 'Flow Bytes/s', 'Flow Packets/s', 'Flow IAT Mean', 'Flow IAT Std', 'Flow IAT Max', 'Flow IAT Min', 'Fwd IAT Total', 'Fwd IAT Mean', 'Fwd IAT Std', 'Fwd IAT Max', 'Fwd IAT Min', 'Bwd IAT Total', 'Bwd IAT Mean', 'Bwd IAT Std', 'Bwd IAT Max', 'Bwd IAT Min', 'Fwd PSH Flags', 'Bwd PSH Flags', 'Fwd URG Flags', 'Bwd URG Flags', 'Fwd Header Length', 'Bwd Header Length', 'Fwd Packets/s', 'Bwd Packets/s', 'Packet Length Min', 'Packet Length Max', 'Packet Length Mean', 'Packet Length Std', 'Packet Length Variance', 'FIN Flag Count', 'SYN Flag Count', 'RST Flag Count', 'PSH Flag Count', 'ACK Flag Count', 'URG Flag Count', 'CWE Flag Count', 'ECE Flag Count', 'Down/Up Ratio', 'Avg Packet Size', 'Avg Fwd Segment Size', 'Avg Bwd Segment Size', 'Fwd Avg Bytes/Bulk', 'Fwd Avg Packets/Bulk', 'Fwd Avg Bulk Rate', 'Bwd Avg Bytes/Bulk', 'Bwd Avg Packets/Bulk', 'Bwd Avg Bulk Rate', 'Subflow Fwd Packets', 'Subflow Fwd Bytes', 'Subflow Bwd Packets', 'Subflow Bwd Bytes', 'Init Fwd Win Bytes', 'Init Bwd Win Bytes', 'Fwd Act Data Packets', 'Fwd Seg Size Min', 'Active Mean', 'Active Std', 'Active Max', 'Active Min', 'Idle Mean', 'Idle Std', 'Idle Max', 'Idle Min', 'Label']
2025-04-07 21:13:31,699 [INFO] - train - Label distribution:
Label
DrDoS_DNS    3669
Benign       3034
Name: count, dtype: int64
2025-04-07 21:13:31,700 [INFO] - train - Categorical columns: ['Label']
2025-04-07 21:13:31,700 [INFO] - train - Columns to drop: []
2025-04-07 21:13:31,700 [INFO] - feature_engineering - Preprocessing data
2025-04-07 21:13:31,701 [INFO] - feature_engineering - Handling missing values
2025-04-07 21:13:31,737 [INFO] - feature_engineering - Final feature count: 77
2025-04-07 21:13:31,747 [INFO] - feature_engineering - Scaling features
2025-04-07 21:13:31,757 [INFO] - feature_engineering - Class distribution in training set: {'DrDoS_DNS': 2201, 'Benign': 1820}
2025-04-07 21:13:31,759 [INFO] - train - Scaler saved to D:\cys\nids\models\saved\ensemble_20250407_211331\scaler.joblib
2025-04-07 21:13:31,759 [INFO] - train - Balancing training data classes
2025-04-07 21:13:31,759 [INFO] - feature_engineering - Balancing classes using oversample
2025-04-07 21:13:31,760 [INFO] - feature_engineering - Original class distribution: {'Benign': np.int64(1820), 'DrDoS_DNS': np.int64(2201)}
2025-04-07 21:13:31,763 [INFO] - feature_engineering - Balanced class distribution: {'Benign': np.int64(2201), 'DrDoS_DNS': np.int64(2201)}
2025-04-07 21:13:31,764 [INFO] - train - Class names: ['Benign', 'DrDoS_DNS']
2025-04-07 21:13:31,764 [INFO] - deep_model - No GPUs found, using CPU
2025-04-07 21:13:31,764 [INFO] - ensemble - Training ensemble model
2025-04-07 21:13:31,764 [INFO] - ensemble - Training XGBoost component
2025-04-07 21:13:31,765 [INFO] - xgboost_model - Training XGBoost model
2025-04-07 21:13:31,869 [ERROR] - train - Error during training: could not convert string to float: 'Benign'
Traceback (most recent call last):
  File "D:\cys\nids\train.py", line 173, in train_models
    model.fit(X_train_balanced, y_train_balanced, X_val, y_val, feature_names, class_names)
  File "D:\cys\nids\models\ensemble.py", line 72, in fit
    self.xgb_model.fit(X_train, y_train, X_val, y_val, feature_names, class_names)
  File "D:\cys\nids\models\xgboost_model.py", line 66, in fit
    dtrain = xgb.DMatrix(X_train, label=y_train, feature_names=feature_names)
             ^^^^^^^^^^^^^^^^^^^^^^^^^^^^^^^^^^^^^^^^^^^^^^^^^^^^^^^^^^^^^^^^
  File "D:\cys\nids\.venv\Lib\site-packages\xgboost\core.py", line 729, in inner_f
    return func(**kwargs)
           ^^^^^^^^^^^^^^
  File "D:\cys\nids\.venv\Lib\site-packages\xgboost\core.py", line 897, in __init__
    self.set_info(
  File "D:\cys\nids\.venv\Lib\site-packages\xgboost\core.py", line 729, in inner_f
    return func(**kwargs)
           ^^^^^^^^^^^^^^
  File "D:\cys\nids\.venv\Lib\site-packages\xgboost\core.py", line 961, in set_info
    self.set_label(label)
  File "D:\cys\nids\.venv\Lib\site-packages\xgboost\core.py", line 1099, in set_label
    dispatch_meta_backend(self, label, "label", "float")
  File "D:\cys\nids\.venv\Lib\site-packages\xgboost\data.py", line 1603, in dispatch_meta_backend
    _meta_from_pandas_series(data, name, dtype, handle)
  File "D:\cys\nids\.venv\Lib\site-packages\xgboost\data.py", line 708, in _meta_from_pandas_series
    data = data.to_numpy(np.float32, na_value=np.nan)
           ^^^^^^^^^^^^^^^^^^^^^^^^^^^^^^^^^^^^^^^^^^
  File "D:\cys\nids\.venv\Lib\site-packages\pandas\core\base.py", line 662, in to_numpy
    result = np.asarray(values, dtype=dtype)
             ^^^^^^^^^^^^^^^^^^^^^^^^^^^^^^^
ValueError: could not convert string to float: 'Benign'
