2025-04-07 23:50:43,733 [INFO] - nids - Logger initialized: nids
2025-04-07 23:50:43,733 [INFO] - nids - Logger initialized: nids
2025-04-07 23:50:43,783 [INFO] - pcap_utils - Logger initialized: pcap_utils
2025-04-07 23:50:44,591 [INFO] - xgboost_model - Logger initialized: xgboost_model
2025-04-07 23:50:46,438 [INFO] - deep_model - Logger initialized: deep_model
2025-04-07 23:50:46,439 [INFO] - ensemble - Logger initialized: ensemble
2025-04-07 23:50:46,440 [INFO] - app - Logger initialized: app
2025-04-07 23:50:46,442 [INFO] - app - Loading model from d:\cys\nids\models\saved\ensemble_20250407_234619
2025-04-07 23:50:46,444 [INFO] - app - Loaded scaler from d:\cys\nids\models\saved\ensemble_20250407_234619\scaler.joblib
2025-04-07 23:50:46,445 [INFO] - deep_model - No GPUs found, using CPU
2025-04-07 23:50:46,445 [INFO] - ensemble - Loading ensemble model from d:\cys\nids\models\saved\ensemble_20250407_234619\ensemble_model
2025-04-07 23:50:46,445 [INFO] - xgboost_model - Loading model from d:\cys\nids\models\saved\ensemble_20250407_234619\ensemble_model\xgboost_model.json
2025-04-07 23:50:46,527 [INFO] - xgboost_model - Loaded metadata: {'max_depth': 8, 'learning_rate': 0.1, 'n_estimators': 200, 'objective': 'multi:softprob', 'subsample': 0.8, 'colsample_bytree': 0.8, 'tree_method': 'gpu_hist', 'predictor': 'gpu_predictor', 'random_state': 42, 'num_class': 2}
2025-04-07 23:50:46,527 [INFO] - xgboost_model - Loaded feature names: ['Protocol', 'Flow Duration', 'Total Fwd Packets', 'Total Backward Packets', 'Fwd Packets Length Total', 'Bwd Packets Length Total', 'Fwd Packet Length Max', 'Fwd Packet Length Min', 'Fwd Packet Length Mean', 'Fwd Packet Length Std', 'Bwd Packet Length Max', 'Bwd Packet Length Min', 'Bwd Packet Length Mean', 'Bwd Packet Length Std', 'Flow Bytes/s', 'Flow Packets/s', 'Flow IAT Mean', 'Flow IAT Std', 'Flow IAT Max', 'Flow IAT Min', 'Fwd IAT Total', 'Fwd IAT Mean', 'Fwd IAT Std', 'Fwd IAT Max', 'Fwd IAT Min', 'Bwd IAT Total', 'Bwd IAT Mean', 'Bwd IAT Std', 'Bwd IAT Max', 'Bwd IAT Min', 'Fwd PSH Flags', 'Bwd PSH Flags', 'Fwd URG Flags', 'Bwd URG Flags', 'Fwd Header Length', 'Bwd Header Length', 'Fwd Packets/s', 'Bwd Packets/s', 'Packet Length Min', 'Packet Length Max', 'Packet Length Mean', 'Packet Length Std', 'Packet Length Variance', 'FIN Flag Count', 'SYN Flag Count', 'RST Flag Count', 'PSH Flag Count', 'ACK Flag Count', 'URG Flag Count', 'CWE Flag Count', 'ECE Flag Count', 'Down/Up Ratio', 'Avg Packet Size', 'Avg Fwd Segment Size', 'Avg Bwd Segment Size', 'Fwd Avg Bytes/Bulk', 'Fwd Avg Packets/Bulk', 'Fwd Avg Bulk Rate', 'Bwd Avg Bytes/Bulk', 'Bwd Avg Packets/Bulk', 'Bwd Avg Bulk Rate', 'Subflow Fwd Packets', 'Subflow Fwd Bytes', 'Subflow Bwd Packets', 'Subflow Bwd Bytes', 'Init Fwd Win Bytes', 'Init Bwd Win Bytes', 'Fwd Act Data Packets', 'Fwd Seg Size Min', 'Active Mean', 'Active Std', 'Active Max', 'Active Min', 'Idle Mean', 'Idle Std', 'Idle Max', 'Idle Min']
2025-04-07 23:50:46,527 [INFO] - xgboost_model - Loaded class names: ['Benign', 'DrDoS_DNS']
2025-04-07 23:50:46,527 [INFO] - xgboost_model - Loaded label mapping: {'Benign': 0, 'DrDoS_DNS': 1}
2025-04-07 23:50:46,528 [INFO] - xgboost_model - Model loaded successfully
2025-04-07 23:50:46,528 [INFO] - deep_model - Loading model from d:\cys\nids\models\saved\ensemble_20250407_234619\ensemble_model\deep_model.h5
2025-04-07 23:50:46,684 [INFO] - deep_model - Loaded metadata: {'lstm_units': 128, 'dense_units': 64, 'dropout_rate': 0.3, 'learning_rate': 0.001, 'batch_size': 256, 'epochs': 50, 'patience': 10}
2025-04-07 23:50:46,684 [INFO] - deep_model - Loaded feature names: ['Protocol', 'Flow Duration', 'Total Fwd Packets', 'Total Backward Packets', 'Fwd Packets Length Total', 'Bwd Packets Length Total', 'Fwd Packet Length Max', 'Fwd Packet Length Min', 'Fwd Packet Length Mean', 'Fwd Packet Length Std', 'Bwd Packet Length Max', 'Bwd Packet Length Min', 'Bwd Packet Length Mean', 'Bwd Packet Length Std', 'Flow Bytes/s', 'Flow Packets/s', 'Flow IAT Mean', 'Flow IAT Std', 'Flow IAT Max', 'Flow IAT Min', 'Fwd IAT Total', 'Fwd IAT Mean', 'Fwd IAT Std', 'Fwd IAT Max', 'Fwd IAT Min', 'Bwd IAT Total', 'Bwd IAT Mean', 'Bwd IAT Std', 'Bwd IAT Max', 'Bwd IAT Min', 'Fwd PSH Flags', 'Bwd PSH Flags', 'Fwd URG Flags', 'Bwd URG Flags', 'Fwd Header Length', 'Bwd Header Length', 'Fwd Packets/s', 'Bwd Packets/s', 'Packet Length Min', 'Packet Length Max', 'Packet Length Mean', 'Packet Length Std', 'Packet Length Variance', 'FIN Flag Count', 'SYN Flag Count', 'RST Flag Count', 'PSH Flag Count', 'ACK Flag Count', 'URG Flag Count', 'CWE Flag Count', 'ECE Flag Count', 'Down/Up Ratio', 'Avg Packet Size', 'Avg Fwd Segment Size', 'Avg Bwd Segment Size', 'Fwd Avg Bytes/Bulk', 'Fwd Avg Packets/Bulk', 'Fwd Avg Bulk Rate', 'Bwd Avg Bytes/Bulk', 'Bwd Avg Packets/Bulk', 'Bwd Avg Bulk Rate', 'Subflow Fwd Packets', 'Subflow Fwd Bytes', 'Subflow Bwd Packets', 'Subflow Bwd Bytes', 'Init Fwd Win Bytes', 'Init Bwd Win Bytes', 'Fwd Act Data Packets', 'Fwd Seg Size Min', 'Active Mean', 'Active Std', 'Active Max', 'Active Min', 'Idle Mean', 'Idle Std', 'Idle Max', 'Idle Min']
2025-04-07 23:50:46,684 [INFO] - deep_model - Loaded class names: ['Benign', 'DrDoS_DNS']
2025-04-07 23:50:46,684 [INFO] - deep_model - Model loaded successfully
2025-04-07 23:50:46,685 [INFO] - ensemble - Loaded weights: [0.6, 0.4]
2025-04-07 23:50:46,685 [INFO] - ensemble - Loaded feature names: ['Protocol', 'Flow Duration', 'Total Fwd Packets', 'Total Backward Packets', 'Fwd Packets Length Total', 'Bwd Packets Length Total', 'Fwd Packet Length Max', 'Fwd Packet Length Min', 'Fwd Packet Length Mean', 'Fwd Packet Length Std', 'Bwd Packet Length Max', 'Bwd Packet Length Min', 'Bwd Packet Length Mean', 'Bwd Packet Length Std', 'Flow Bytes/s', 'Flow Packets/s', 'Flow IAT Mean', 'Flow IAT Std', 'Flow IAT Max', 'Flow IAT Min', 'Fwd IAT Total', 'Fwd IAT Mean', 'Fwd IAT Std', 'Fwd IAT Max', 'Fwd IAT Min', 'Bwd IAT Total', 'Bwd IAT Mean', 'Bwd IAT Std', 'Bwd IAT Max', 'Bwd IAT Min', 'Fwd PSH Flags', 'Bwd PSH Flags', 'Fwd URG Flags', 'Bwd URG Flags', 'Fwd Header Length', 'Bwd Header Length', 'Fwd Packets/s', 'Bwd Packets/s', 'Packet Length Min', 'Packet Length Max', 'Packet Length Mean', 'Packet Length Std', 'Packet Length Variance', 'FIN Flag Count', 'SYN Flag Count', 'RST Flag Count', 'PSH Flag Count', 'ACK Flag Count', 'URG Flag Count', 'CWE Flag Count', 'ECE Flag Count', 'Down/Up Ratio', 'Avg Packet Size', 'Avg Fwd Segment Size', 'Avg Bwd Segment Size', 'Fwd Avg Bytes/Bulk', 'Fwd Avg Packets/Bulk', 'Fwd Avg Bulk Rate', 'Bwd Avg Bytes/Bulk', 'Bwd Avg Packets/Bulk', 'Bwd Avg Bulk Rate', 'Subflow Fwd Packets', 'Subflow Fwd Bytes', 'Subflow Bwd Packets', 'Subflow Bwd Bytes', 'Init Fwd Win Bytes', 'Init Bwd Win Bytes', 'Fwd Act Data Packets', 'Fwd Seg Size Min', 'Active Mean', 'Active Std', 'Active Max', 'Active Min', 'Idle Mean', 'Idle Std', 'Idle Max', 'Idle Min']
2025-04-07 23:50:46,685 [INFO] - ensemble - Loaded class names: ['Benign', 'DrDoS_DNS']
2025-04-07 23:50:46,685 [INFO] - ensemble - Ensemble model loaded successfully
2025-04-07 23:50:46,685 [INFO] - app - Model loaded successfully: {'type': 'ensemble', 'path': 'd:\\cys\\nids\\models\\saved\\ensemble_20250407_234619', 'timestamp': '2025-04-07 23:47:09', 'class_names': ['Benign', 'DrDoS_DNS']}
2025-04-07 23:52:13,822 [INFO] - app - File saved: d:\cys\nids\uploads\20250407_235213_61d3e6d2_dos_win98_smb_netbeui.pcapng
2025-04-07 23:52:13,822 [INFO] - pcap_utils - Converting d:\cys\nids\uploads\20250407_235213_61d3e6d2_dos_win98_smb_netbeui.pcapng to CSV
2025-04-07 23:52:13,823 [INFO] - pcap_utils - Extracting features from d:\cys\nids\uploads\20250407_235213_61d3e6d2_dos_win98_smb_netbeui.pcapng
2025-04-07 23:52:13,833 [ERROR] - pcap_utils - Error processing PCAP file: invalid tcpdump header
2025-04-07 23:52:13,833 [ERROR] - pcap_utils - Error converting PCAP to CSV: invalid tcpdump header
2025-04-07 23:52:13,834 [ERROR] - app - Error processing file: invalid tcpdump header
Traceback (most recent call last):
  File "d:\cys\nids\app.py", line 159, in upload_file
    csv_file = pcap_to_csv(file_path)
               ^^^^^^^^^^^^^^^^^^^^^^
  File "d:\cys\nids\utils\pcap_utils.py", line 215, in pcap_to_csv
    df_packets, df_flows = extract_features_from_pcap(pcap_file)
                           ^^^^^^^^^^^^^^^^^^^^^^^^^^^^^^^^^^^^^
  File "d:\cys\nids\utils\pcap_utils.py", line 53, in extract_features_from_pcap
    pcap = dpkt.pcap.Reader(f)
           ^^^^^^^^^^^^^^^^^^^
  File "D:\cys\nids\.venv\Lib\site-packages\dpkt\pcap.py", line 328, in __init__
    raise ValueError('invalid tcpdump header')
ValueError: invalid tcpdump header
2025-04-07 23:52:26,193 [INFO] - app - File saved: d:\cys\nids\uploads\20250407_235226_f5bdc799_4SICS-GeekLounge-151020.pcap
2025-04-07 23:52:26,194 [INFO] - pcap_utils - Converting d:\cys\nids\uploads\20250407_235226_f5bdc799_4SICS-GeekLounge-151020.pcap to CSV
2025-04-07 23:52:26,194 [INFO] - pcap_utils - Extracting features from d:\cys\nids\uploads\20250407_235226_f5bdc799_4SICS-GeekLounge-151020.pcap
2025-04-07 23:52:31,130 [INFO] - pcap_utils - Extracted 239267 packets and 9819 flows
2025-04-07 23:52:31,298 [INFO] - pcap_utils - Saved CSV to d:\cys\nids\uploads\20250407_235226_f5bdc799_4SICS-GeekLounge-151020.csv
2025-04-07 23:52:31,321 [INFO] - pcap_utils - Making predictions from d:\cys\nids\uploads\20250407_235226_f5bdc799_4SICS-GeekLounge-151020.pcap
2025-04-07 23:52:31,322 [INFO] - pcap_utils - Extracting features from d:\cys\nids\uploads\20250407_235226_f5bdc799_4SICS-GeekLounge-151020.pcap
2025-04-07 23:52:36,157 [INFO] - pcap_utils - Extracted 239267 packets and 9819 flows
2025-04-07 23:52:36,218 [ERROR] - pcap_utils - Error making predictions from PCAP: The feature names should match those that were passed during fit.
Feature names unseen at fit time:
- dst_port
- flow_duration
- packet_count
- packet_length_max
- packet_length_mean
- ...
Feature names seen at fit time, yet now missing:
- ACK Flag Count
- Active Max
- Active Mean
- Active Min
- Active Std
- ...

2025-04-07 23:52:36,218 [ERROR] - app - Error processing file: The feature names should match those that were passed during fit.
Feature names unseen at fit time:
- dst_port
- flow_duration
- packet_count
- packet_length_max
- packet_length_mean
- ...
Feature names seen at fit time, yet now missing:
- ACK Flag Count
- Active Max
- Active Mean
- Active Min
- Active Std
- ...
Traceback (most recent call last):
  File "d:\cys\nids\app.py", line 162, in upload_file
    results_df = predict_from_pcap(file_path, model, scaler)
                 ^^^^^^^^^^^^^^^^^^^^^^^^^^^^^^^^^^^^^^^^^^^
  File "d:\cys\nids\utils\pcap_utils.py", line 258, in predict_from_pcap
    X_scaled = scaler.transform(X)
               ^^^^^^^^^^^^^^^^^^^
  File "D:\cys\nids\.venv\Lib\site-packages\sklearn\utils\_set_output.py", line 319, in wrapped
    data_to_wrap = f(self, X, *args, **kwargs)
                   ^^^^^^^^^^^^^^^^^^^^^^^^^^^
  File "D:\cys\nids\.venv\Lib\site-packages\sklearn\preprocessing\_data.py", line 1062, in transform
    X = validate_data(
        ^^^^^^^^^^^^^^
  File "D:\cys\nids\.venv\Lib\site-packages\sklearn\utils\validation.py", line 2919, in validate_data
    _check_feature_names(_estimator, X, reset=reset)
  File "D:\cys\nids\.venv\Lib\site-packages\sklearn\utils\validation.py", line 2777, in _check_feature_names
    raise ValueError(message)
ValueError: The feature names should match those that were passed during fit.
Feature names unseen at fit time:
- dst_port
- flow_duration
- packet_count
- packet_length_max
- packet_length_mean
- ...
Feature names seen at fit time, yet now missing:
- ACK Flag Count
- Active Max
- Active Mean
- Active Min
- Active Std
- ...

2025-04-08 00:17:15,970 [INFO] - app - File saved: d:\cys\nids\uploads\20250408_001715_26cf1247_http-flood.pcap
2025-04-08 00:17:15,970 [INFO] - pcap_utils - Converting d:\cys\nids\uploads\20250408_001715_26cf1247_http-flood.pcap to CSV
2025-04-08 00:17:15,970 [INFO] - pcap_utils - Extracting features from d:\cys\nids\uploads\20250408_001715_26cf1247_http-flood.pcap
2025-04-08 00:17:16,060 [INFO] - pcap_utils - Extracted 2431 packets and 209 flows
2025-04-08 00:17:16,064 [INFO] - pcap_utils - Saved CSV to d:\cys\nids\uploads\20250408_001715_26cf1247_http-flood.csv
2025-04-08 00:17:16,064 [INFO] - pcap_utils - Making predictions from d:\cys\nids\uploads\20250408_001715_26cf1247_http-flood.pcap
2025-04-08 00:17:16,064 [INFO] - pcap_utils - Extracting features from d:\cys\nids\uploads\20250408_001715_26cf1247_http-flood.pcap
2025-04-08 00:17:16,152 [INFO] - pcap_utils - Extracted 2431 packets and 209 flows
2025-04-08 00:17:16,154 [ERROR] - pcap_utils - Error making predictions from PCAP: The feature names should match those that were passed during fit.
Feature names unseen at fit time:
- dst_port
- flow_duration
- packet_count
- packet_length_max
- packet_length_mean
- ...
Feature names seen at fit time, yet now missing:
- ACK Flag Count
- Active Max
- Active Mean
- Active Min
- Active Std
- ...

2025-04-08 00:17:16,154 [ERROR] - app - Error processing file: The feature names should match those that were passed during fit.
Feature names unseen at fit time:
- dst_port
- flow_duration
- packet_count
- packet_length_max
- packet_length_mean
- ...
Feature names seen at fit time, yet now missing:
- ACK Flag Count
- Active Max
- Active Mean
- Active Min
- Active Std
- ...
Traceback (most recent call last):
  File "d:\cys\nids\app.py", line 162, in upload_file
    results_df = predict_from_pcap(file_path, model, scaler)
                 ^^^^^^^^^^^^^^^^^^^^^^^^^^^^^^^^^^^^^^^^^^^
  File "d:\cys\nids\utils\pcap_utils.py", line 258, in predict_from_pcap
    X_scaled = scaler.transform(X)
               ^^^^^^^^^^^^^^^^^^^
  File "D:\cys\nids\.venv\Lib\site-packages\sklearn\utils\_set_output.py", line 319, in wrapped
    data_to_wrap = f(self, X, *args, **kwargs)
                   ^^^^^^^^^^^^^^^^^^^^^^^^^^^
  File "D:\cys\nids\.venv\Lib\site-packages\sklearn\preprocessing\_data.py", line 1062, in transform
    X = validate_data(
        ^^^^^^^^^^^^^^
  File "D:\cys\nids\.venv\Lib\site-packages\sklearn\utils\validation.py", line 2919, in validate_data
    _check_feature_names(_estimator, X, reset=reset)
  File "D:\cys\nids\.venv\Lib\site-packages\sklearn\utils\validation.py", line 2777, in _check_feature_names
    raise ValueError(message)
ValueError: The feature names should match those that were passed during fit.
Feature names unseen at fit time:
- dst_port
- flow_duration
- packet_count
- packet_length_max
- packet_length_mean
- ...
Feature names seen at fit time, yet now missing:
- ACK Flag Count
- Active Max
- Active Mean
- Active Min
- Active Std
- ...

