2025-04-07 20:36:23,427 [INFO] - nids - Logger initialized: nids
2025-04-07 20:36:23,428 [INFO] - nids - Logger initialized: nids
2025-04-07 20:36:23,428 [INFO] - parquet_to_csv - Logger initialized: parquet_to_csv
2025-04-07 20:36:23,429 [INFO] - parquet_to_csv - Converting all parquet files in D:\cys\nids\data\raw\CIC-IDS-Collection
2025-04-07 20:36:23,430 [INFO] - parquet_to_csv - Found 1 parquet files
2025-04-07 20:36:23,434 [INFO] - parquet_to_csv - Converting D:\cys\nids\data\raw\CIC-IDS-Collection\cic-collection.parquet to CSV
2025-04-07 20:36:25,517 [INFO] - parquet_to_csv - DataFrame shape: (9167581, 59)
2025-04-07 20:36:25,521 [INFO] - parquet_to_csv - Memory usage: 2823.95 MB
2025-04-07 20:36:25,521 [INFO] - parquet_to_csv - Preview of the data:
2025-04-07 20:36:25,521 [INFO] - parquet_to_csv - 
Columns:
2025-04-07 20:36:25,522 [INFO] - parquet_to_csv - Flow Duration, Total Fwd Packets, Total Backward Packets, Fwd Packets Length Total, Bwd Packets Length Total, Fwd Packet Length Max, Fwd Packet Length Mean, Fwd Packet Length Std, Bwd Packet Length Max, Bwd Packet Length Mean, Bwd Packet Length Std, Flow Bytes/s, Flow Packets/s, Flow IAT Mean, Flow IAT Std, Flow IAT Max, Flow IAT Min, Fwd IAT Total, Fwd IAT Mean, Fwd IAT Std, Fwd IAT Max, Fwd IAT Min, Bwd IAT Total, Bwd IAT Mean, Bwd IAT Std, Bwd IAT Max, Bwd IAT Min, Fwd PSH Flags, Fwd Header Length, Bwd Header Length, Fwd Packets/s, Bwd Packets/s, Packet Length Max, Packet Length Mean, Packet Length Std, Packet Length Variance, SYN Flag Count, URG Flag Count, Avg Packet Size, Avg Fwd Segment Size, Avg Bwd Segment Size, Subflow Fwd Packets, Subflow Fwd Bytes, Subflow Bwd Packets, Subflow Bwd Bytes, Init Fwd Win Bytes, Init Bwd Win Bytes, Fwd Act Data Packets, Fwd Seg Size Min, Active Mean, Active Std, Active Max, Active Min, Idle Mean, Idle Std, Idle Max, Idle Min, Label, ClassLabel
2025-04-07 20:36:25,522 [INFO] - parquet_to_csv - 
Data types:
2025-04-07 20:36:25,522 [INFO] - parquet_to_csv - Flow Duration: int64
2025-04-07 20:36:25,523 [INFO] - parquet_to_csv - Total Fwd Packets: int32
2025-04-07 20:36:25,523 [INFO] - parquet_to_csv - Total Backward Packets: int32
2025-04-07 20:36:25,523 [INFO] - parquet_to_csv - Fwd Packets Length Total: float64
2025-04-07 20:36:25,523 [INFO] - parquet_to_csv - Bwd Packets Length Total: float64
2025-04-07 20:36:25,523 [INFO] - parquet_to_csv - Fwd Packet Length Max: float64
2025-04-07 20:36:25,523 [INFO] - parquet_to_csv - Fwd Packet Length Mean: float32
2025-04-07 20:36:25,524 [INFO] - parquet_to_csv - Fwd Packet Length Std: float32
2025-04-07 20:36:25,524 [INFO] - parquet_to_csv - Bwd Packet Length Max: float64
2025-04-07 20:36:25,524 [INFO] - parquet_to_csv - Bwd Packet Length Mean: float32
2025-04-07 20:36:25,524 [INFO] - parquet_to_csv - Bwd Packet Length Std: float32
2025-04-07 20:36:25,524 [INFO] - parquet_to_csv - Flow Bytes/s: float64
2025-04-07 20:36:25,524 [INFO] - parquet_to_csv - Flow Packets/s: float64
2025-04-07 20:36:25,524 [INFO] - parquet_to_csv - Flow IAT Mean: float32
2025-04-07 20:36:25,524 [INFO] - parquet_to_csv - Flow IAT Std: float32
2025-04-07 20:36:25,525 [INFO] - parquet_to_csv - Flow IAT Max: float64
2025-04-07 20:36:25,525 [INFO] - parquet_to_csv - Flow IAT Min: float64
2025-04-07 20:36:25,525 [INFO] - parquet_to_csv - Fwd IAT Total: float64
2025-04-07 20:36:25,525 [INFO] - parquet_to_csv - Fwd IAT Mean: float32
2025-04-07 20:36:25,525 [INFO] - parquet_to_csv - Fwd IAT Std: float32
2025-04-07 20:36:25,526 [INFO] - parquet_to_csv - Fwd IAT Max: float64
2025-04-07 20:36:25,526 [INFO] - parquet_to_csv - Fwd IAT Min: float64
2025-04-07 20:36:25,526 [INFO] - parquet_to_csv - Bwd IAT Total: float64
2025-04-07 20:36:25,526 [INFO] - parquet_to_csv - Bwd IAT Mean: float32
2025-04-07 20:36:25,526 [INFO] - parquet_to_csv - Bwd IAT Std: float32
2025-04-07 20:36:25,526 [INFO] - parquet_to_csv - Bwd IAT Max: float64
2025-04-07 20:36:25,526 [INFO] - parquet_to_csv - Bwd IAT Min: float64
2025-04-07 20:36:25,526 [INFO] - parquet_to_csv - Fwd PSH Flags: int8
2025-04-07 20:36:25,526 [INFO] - parquet_to_csv - Fwd Header Length: int64
2025-04-07 20:36:25,527 [INFO] - parquet_to_csv - Bwd Header Length: int64
2025-04-07 20:36:25,527 [INFO] - parquet_to_csv - Fwd Packets/s: float32
2025-04-07 20:36:25,527 [INFO] - parquet_to_csv - Bwd Packets/s: float32
2025-04-07 20:36:25,527 [INFO] - parquet_to_csv - Packet Length Max: float64
2025-04-07 20:36:25,527 [INFO] - parquet_to_csv - Packet Length Mean: float32
2025-04-07 20:36:25,527 [INFO] - parquet_to_csv - Packet Length Std: float32
2025-04-07 20:36:25,527 [INFO] - parquet_to_csv - Packet Length Variance: float32
2025-04-07 20:36:25,527 [INFO] - parquet_to_csv - SYN Flag Count: int8
2025-04-07 20:36:25,528 [INFO] - parquet_to_csv - URG Flag Count: int8
2025-04-07 20:36:25,528 [INFO] - parquet_to_csv - Avg Packet Size: float32
2025-04-07 20:36:25,528 [INFO] - parquet_to_csv - Avg Fwd Segment Size: float32
2025-04-07 20:36:25,529 [INFO] - parquet_to_csv - Avg Bwd Segment Size: float32
2025-04-07 20:36:25,529 [INFO] - parquet_to_csv - Subflow Fwd Packets: int32
2025-04-07 20:36:25,529 [INFO] - parquet_to_csv - Subflow Fwd Bytes: int32
2025-04-07 20:36:25,529 [INFO] - parquet_to_csv - Subflow Bwd Packets: int32
2025-04-07 20:36:25,530 [INFO] - parquet_to_csv - Subflow Bwd Bytes: int32
2025-04-07 20:36:25,530 [INFO] - parquet_to_csv - Init Fwd Win Bytes: int32
2025-04-07 20:36:25,530 [INFO] - parquet_to_csv - Init Bwd Win Bytes: int32
2025-04-07 20:36:25,530 [INFO] - parquet_to_csv - Fwd Act Data Packets: int32
2025-04-07 20:36:25,530 [INFO] - parquet_to_csv - Fwd Seg Size Min: int32
2025-04-07 20:36:25,530 [INFO] - parquet_to_csv - Active Mean: float32
2025-04-07 20:36:25,531 [INFO] - parquet_to_csv - Active Std: float32
2025-04-07 20:36:25,531 [INFO] - parquet_to_csv - Active Max: float64
2025-04-07 20:36:25,531 [INFO] - parquet_to_csv - Active Min: float64
2025-04-07 20:36:25,531 [INFO] - parquet_to_csv - Idle Mean: float32
2025-04-07 20:36:25,531 [INFO] - parquet_to_csv - Idle Std: float32
2025-04-07 20:36:25,531 [INFO] - parquet_to_csv - Idle Max: float64
2025-04-07 20:36:25,532 [INFO] - parquet_to_csv - Idle Min: float64
2025-04-07 20:36:25,532 [INFO] - parquet_to_csv - Label: object
2025-04-07 20:36:25,532 [INFO] - parquet_to_csv - ClassLabel: object
2025-04-07 20:36:25,532 [INFO] - parquet_to_csv - 
Sample data (first 5 rows):
2025-04-07 20:36:25,550 [INFO] - parquet_to_csv -    Flow Duration  Total Fwd Packets  Total Backward Packets  Fwd Packets Length Total  Bwd Packets Length Total  Fwd Packet Length Max  Fwd Packet Length Mean  Fwd Packet Length Std  Bwd Packet Length Max  Bwd Packet Length Mean  Bwd Packet Length Std  Flow Bytes/s  Flow Packets/s  Flow IAT Mean  Flow IAT Std  Flow IAT Max  Flow IAT Min  Fwd IAT Total  Fwd IAT Mean  Fwd IAT Std  Fwd IAT Max  Fwd IAT Min  Bwd IAT Total  Bwd IAT Mean  Bwd IAT Std  Bwd IAT Max  Bwd IAT Min  Fwd PSH Flags  Fwd Header Length  Bwd Header Length  Fwd Packets/s  Bwd Packets/s  Packet Length Max  Packet Length Mean  Packet Length Std  Packet Length Variance  SYN Flag Count  URG Flag Count  Avg Packet Size  Avg Fwd Segment Size  Avg Bwd Segment Size  Subflow Fwd Packets  Subflow Fwd Bytes  Subflow Bwd Packets  Subflow Bwd Bytes  Init Fwd Win Bytes  Init Bwd Win Bytes  Fwd Act Data Packets  Fwd Seg Size Min  Active Mean  Active Std  Active Max  Active Min  Idle Mean  Idle Std  Idle Max  Idle Min   Label ClassLabel
0              4                  2                       0                      12.0                       0.0                    6.0                 6.00000               0.000000                    0.0                     0.0               0.000000  3.000000e+06    5.000000e+05       4.000000      0.000000           4.0           4.0            4.0           4.0     0.000000          4.0          4.0            0.0      0.000000     0.000000          0.0          0.0              0                 40                  0   5.000000e+05       0.000000                6.0            6.000000           0.000000                0.000000               0               1          9.00000               6.00000                   0.0                    2                 12                    0                  0                 329                  -1                     1                20          0.0         0.0         0.0         0.0        0.0       0.0       0.0       0.0  Benign     Benign
1              1                  2                       0                      12.0                       0.0                    6.0                 6.00000               0.000000                    0.0                     0.0               0.000000  1.200000e+07    2.000000e+06       1.000000      0.000000           1.0           1.0            1.0           1.0     0.000000          1.0          1.0            0.0      0.000000     0.000000          0.0          0.0              0                 40                  0   2.000000e+06       0.000000                6.0            6.000000           0.000000                0.000000               0               1          9.00000               6.00000                   0.0                    2                 12                    0                  0                 329                  -1                     1                20          0.0         0.0         0.0         0.0        0.0       0.0       0.0       0.0  Benign     Benign
2              3                  2                       0                      12.0                       0.0                    6.0                 6.00000               0.000000                    0.0                     0.0               0.000000  4.000000e+06    6.666667e+05       3.000000      0.000000           3.0           3.0            3.0           3.0     0.000000          3.0          3.0            0.0      0.000000     0.000000          0.0          0.0              0                 40                  0   6.666667e+05       0.000000                6.0            6.000000           0.000000                0.000000               0               1          9.00000               6.00000                   0.0                    2                 12                    0                  0                 245                  -1                     1                20          0.0         0.0         0.0         0.0        0.0       0.0       0.0       0.0  Benign     Benign
3              1                  2                       0                      12.0                       0.0                    6.0                 6.00000               0.000000                    0.0                     0.0               0.000000  1.200000e+07    2.000000e+06       1.000000      0.000000           1.0           1.0            1.0           1.0     0.000000          1.0          1.0            0.0      0.000000     0.000000          0.0          0.0              0                 40                  0   2.000000e+06       0.000000                6.0            6.000000           0.000000                0.000000               0               1          9.00000               6.00000                   0.0                    2                 12                    0                  0                 245                  -1                     1                20          0.0         0.0         0.0         0.0        0.0       0.0       0.0       0.0  Benign     Benign
4            609                  7                       4                     484.0                     414.0                  233.0                69.14286             111.967896                  207.0                   103.5             119.511505  1.474548e+06    1.806240e+04      60.900002    115.194954         381.0           2.0          609.0         101.5   177.089523        460.0          2.0          467.0    155.666672   263.560883        460.0          3.0              0                164                104   1.149425e+04    6568.144531              233.0           74.833336         107.527443            11562.151367               0               0         81.63636              69.14286                 103.5                    7                484                    4                414                8192                2053                     5                20          0.0         0.0         0.0         0.0        0.0       0.0       0.0       0.0  Benign     Benign
2025-04-07 20:39:26,386 [INFO] - parquet_to_csv - Conversion completed in 182.95 seconds
2025-04-07 20:39:26,386 [INFO] - parquet_to_csv - CSV file saved to D:\cys\nids\data\processed\CIC-IDS-Collection\cic-collection.csv
2025-04-07 20:39:26,585 [INFO] - parquet_to_csv - Converted 1 out of 1 files
