2025-04-07 21:18:07,190 [INFO] - nids - Logger initialized: nids
2025-04-07 21:18:07,190 [INFO] - nids - Logger initialized: nids
2025-04-07 21:18:07,281 [INFO] - feature_engineering - Logger initialized: feature_engineering
2025-04-07 21:18:07,364 [INFO] - xgboost_model - Logger initialized: xgboost_model
2025-04-07 21:18:09,574 [INFO] - deep_model - Logger initialized: deep_model
2025-04-07 21:18:09,575 [INFO] - ensemble - Logger initialized: ensemble
2025-04-07 21:18:09,575 [INFO] - train - Logger initialized: train
2025-04-07 21:18:09,576 [INFO] - train - Starting training process for model type: ensemble
2025-04-07 21:18:09,586 [INFO] - train - Loading data from D:\cys\nids\data\processed\CIC-DDoS2019\DNS-testing.csv
2025-04-07 21:18:09,618 [INFO] - train - Dataset shape: (6703, 78)
2025-04-07 21:18:09,619 [INFO] - train - Columns: ['Protocol', 'Flow Duration', 'Total Fwd Packets', 'Total Backward Packets', 'Fwd Packets Length Total', 'Bwd Packets Length Total', 'Fwd Packet Length Max', 'Fwd Packet Length Min', 'Fwd Packet Length Mean', 'Fwd Packet Length Std', 'Bwd Packet Length Max', 'Bwd Packet Length Min', 'Bwd Packet Length Mean', 'Bwd Packet Length Std', 'Flow Bytes/s', 'Flow Packets/s', 'Flow IAT Mean', 'Flow IAT Std', 'Flow IAT Max', 'Flow IAT Min', 'Fwd IAT Total', 'Fwd IAT Mean', 'Fwd IAT Std', 'Fwd IAT Max', 'Fwd IAT Min', 'Bwd IAT Total', 'Bwd IAT Mean', 'Bwd IAT Std', 'Bwd IAT Max', 'Bwd IAT Min', 'Fwd PSH Flags', 'Bwd PSH Flags', 'Fwd URG Flags', 'Bwd URG Flags', 'Fwd Header Length', 'Bwd Header Length', 'Fwd Packets/s', 'Bwd Packets/s', 'Packet Length Min', 'Packet Length Max', 'Packet Length Mean', 'Packet Length Std', 'Packet Length Variance', 'FIN Flag Count', 'SYN Flag Count', 'RST Flag Count', 'PSH Flag Count', 'ACK Flag Count', 'URG Flag Count', 'CWE Flag Count', 'ECE Flag Count', 'Down/Up Ratio', 'Avg Packet Size', 'Avg Fwd Segment Size', 'Avg Bwd Segment Size', 'Fwd Avg Bytes/Bulk', 'Fwd Avg Packets/Bulk', 'Fwd Avg Bulk Rate', 'Bwd Avg Bytes/Bulk', 'Bwd Avg Packets/Bulk', 'Bwd Avg Bulk Rate', 'Subflow Fwd Packets', 'Subflow Fwd Bytes', 'Subflow Bwd Packets', 'Subflow Bwd Bytes', 'Init Fwd Win Bytes', 'Init Bwd Win Bytes', 'Fwd Act Data Packets', 'Fwd Seg Size Min', 'Active Mean', 'Active Std', 'Active Max', 'Active Min', 'Idle Mean', 'Idle Std', 'Idle Max', 'Idle Min', 'Label']
2025-04-07 21:18:09,620 [INFO] - train - Label distribution:
Label
DrDoS_DNS    3669
Benign       3034
Name: count, dtype: int64
2025-04-07 21:18:09,622 [INFO] - train - Categorical columns: ['Label']
2025-04-07 21:18:09,622 [INFO] - train - Columns to drop: []
2025-04-07 21:18:09,622 [INFO] - feature_engineering - Preprocessing data
2025-04-07 21:18:09,623 [INFO] - feature_engineering - Handling missing values
2025-04-07 21:18:09,649 [INFO] - feature_engineering - Final feature count: 77
2025-04-07 21:18:09,659 [INFO] - feature_engineering - Scaling features
2025-04-07 21:18:09,668 [INFO] - feature_engineering - Class distribution in training set: {'DrDoS_DNS': 2201, 'Benign': 1820}
2025-04-07 21:18:09,670 [INFO] - train - Scaler saved to D:\cys\nids\models\saved\ensemble_20250407_211809\scaler.joblib
2025-04-07 21:18:09,670 [INFO] - train - Balancing training data classes
2025-04-07 21:18:09,671 [INFO] - feature_engineering - Balancing classes using oversample
2025-04-07 21:18:09,671 [INFO] - feature_engineering - Original class distribution: {'Benign': np.int64(1820), 'DrDoS_DNS': np.int64(2201)}
2025-04-07 21:18:09,674 [INFO] - feature_engineering - Balanced class distribution: {'Benign': np.int64(2201), 'DrDoS_DNS': np.int64(2201)}
2025-04-07 21:18:09,675 [INFO] - train - Class names: ['Benign', 'DrDoS_DNS']
2025-04-07 21:18:09,675 [INFO] - deep_model - No GPUs found, using CPU
2025-04-07 21:18:09,675 [INFO] - ensemble - Training ensemble model
2025-04-07 21:18:09,675 [INFO] - ensemble - Training XGBoost component
2025-04-07 21:18:09,675 [INFO] - xgboost_model - Training XGBoost model
2025-04-07 21:18:09,676 [INFO] - xgboost_model - Converting string labels to numeric values
2025-04-07 21:18:09,676 [INFO] - xgboost_model - Label mapping: {'Benign': 0, 'DrDoS_DNS': 1}
2025-04-07 21:18:09,772 [INFO] - ensemble - Training Deep Learning component
2025-04-07 21:18:09,772 [INFO] - deep_model - Training deep learning model
2025-04-07 21:18:09,773 [INFO] - deep_model - Class mapping: {'Benign': 0, 'DrDoS_DNS': 1}
2025-04-07 21:18:09,773 [INFO] - deep_model - Creating model with input_dim=77, num_classes=2
2025-04-07 21:22:35,466 [INFO] - deep_model - Training completed in 265.69 seconds
2025-04-07 21:22:35,466 [INFO] - ensemble - Ensemble training completed in 265.79 seconds
2025-04-07 21:22:35,467 [INFO] - ensemble - Evaluating ensemble model
2025-04-07 21:22:35,467 [INFO] - ensemble - Evaluating XGBoost model
2025-04-07 21:22:35,467 [ERROR] - xgboost_model - Model not trained or loaded
2025-04-07 21:22:35,468 [INFO] - ensemble - Evaluating Deep Learning model
2025-04-07 21:22:35,468 [INFO] - deep_model - Evaluating deep learning model
2025-04-07 21:22:36,394 [INFO] - deep_model - Accuracy: 0.9970
2025-04-07 21:22:36,394 [INFO] - deep_model - Classification Report:
2025-04-07 21:22:36,402 [INFO] - deep_model -               precision    recall  f1-score   support

      Benign       1.00      0.99      1.00       607
   DrDoS_DNS       0.99      1.00      1.00       734

    accuracy                           1.00      1341
   macro avg       1.00      1.00      1.00      1341
weighted avg       1.00      1.00      1.00      1341

2025-04-07 21:22:37,385 [INFO] - deep_model - Training history plot saved to D:\cys\nids\models\saved\ensemble_20250407_211809\evaluation\deep\training_history.png
2025-04-07 21:22:37,385 [ERROR] - xgboost_model - Model not trained or loaded
2025-04-07 21:22:37,961 [ERROR] - train - Error during training: unsupported operand type(s) for *: 'float' and 'NoneType'
Traceback (most recent call last):
  File "D:\cys\nids\train.py", line 179, in train_models
    metrics = model.evaluate(X_test, y_test, eval_dir)
              ^^^^^^^^^^^^^^^^^^^^^^^^^^^^^^^^^^^^^^^^
  File "D:\cys\nids\models\ensemble.py", line 166, in evaluate
    y_pred = self.predict(X_test)
             ^^^^^^^^^^^^^^^^^^^^
  File "D:\cys\nids\models\ensemble.py", line 101, in predict
    self.weights[0] * xgb_proba +
    ~~~~~~~~~~~~~~~~^~~~~~~~~~~
TypeError: unsupported operand type(s) for *: 'float' and 'NoneType'
